<?xml version="1.0" encoding="UTF-8"?>
<!-- Generated by org.testng.reporters.JUnitReportReporter -->
<testsuite skipped="0" hostname="DESKTOP-ALLUFO2" name="com.webauto.testcases.LoginTest" tests="1" failures="0" timestamp="21 Nov 2019 16:48:21 GMT" time="6.768" errors="0">
  <testcase name="testLogin" time="6.768" classname="com.webauto.testcases.LoginTest"/>
</testsuite> <!-- com.webauto.testcases.LoginTest -->
